<?xml version="1.0" encoding="UTF-8"?>
<!-- Generated by org.testng.reporters.JUnitReportReporter -->
<testsuite hostname="DESKTOP-SD4VUIF" failures="0" tests="3" name="ddt.OrganizationTest" time="0.019" errors="0" timestamp="2023-07-28T15:01:21 IST" skipped="0">
  <testcase classname="ddt.OrganizationTest" name="deleteOrgTest" time="0.002"/>
  <testcase classname="ddt.OrganizationTest" name="modifyOrgTest" time="0.002"/>
  <testcase classname="ddt.OrganizationTest" name="createOrgTest" time="0.015"/>
</testsuite> <!-- ddt.OrganizationTest -->
