<?xml version="1.0" encoding="UTF-8"?>
<!-- Generated by org.testng.reporters.JUnitReportReporter -->
<testsuite hostname="DESKTOP-SD4VUIF" failures="0" tests="1" name="sampleTests.Demo" time="0.014" errors="0" timestamp="2023-07-28T14:26:32 IST" skipped="0">
  <testcase classname="sampleTests.Demo" name="demo" time="0.014"/>
</testsuite> <!-- sampleTests.Demo -->
