<?xml version="1.0" encoding="UTF-8"?>
<!-- Generated by org.testng.reporters.JUnitReportReporter -->
<testsuite hostname="DESKTOP-SD4VUIF" failures="0" tests="1" name="sampleTests.DemoTest" time="0.014" errors="0" timestamp="2023-07-29T07:54:47 IST" skipped="0">
  <testcase classname="sampleTests.DemoTest" name="demo" time="0.014"/>
</testsuite> <!-- sampleTests.DemoTest -->
