<?xml version="1.0" encoding="UTF-8"?>
<!-- Generated by org.testng.reporters.JUnitReportReporter -->
<testsuite hostname="DESKTOP-SD4VUIF" failures="0" tests="1" name="sampleTests.PracticeTest" time="0.013" errors="0" timestamp="2023-07-29T07:55:04 IST" skipped="0">
  <testcase classname="sampleTests.PracticeTest" name="practiceTest" time="0.013"/>
</testsuite> <!-- sampleTests.PracticeTest -->
