<?xml version="1.0" encoding="UTF-8"?>
<!-- Generated by org.testng.reporters.JUnitReportReporter -->
<testsuite hostname="DESKTOP-SD4VUIF" failures="0" tests="1" name="ddt.ContactTest" time="0.013" errors="0" timestamp="2023-07-28T15:03:05 IST" skipped="0">
  <testcase classname="ddt.ContactTest" name="createContactTest" time="0.013"/>
</testsuite> <!-- ddt.ContactTest -->
